<?xml version="1.0" encoding="UTF-8"?>
<!-- Generated by org.testng.reporters.JUnitReportReporter -->
<testsuite hostname="DESKTOP-AU847K4" failures="0" tests="2" name="testngpack.LinksTesting1" time="42.764" errors="0" timestamp="2025-06-09T08:49:49 IST" skipped="0">
  <testcase classname="testngpack.LinksTesting1" name="linktesting1" time="24.463">
    <system-out>
      <![CDATA[Clicked on Image Link]]>
    </system-out>
  </testcase> <!-- linktesting1 -->
  <testcase classname="testngpack.LinksTesting1" name="linktesting1" time="18.301">
    <system-out>
      <![CDATA[Clicked on Image Link]]>
    </system-out>
  </testcase> <!-- linktesting1 -->
  <system-out>
    <![CDATA[Clicked on Image Link
Clicked on Image Link]]>
  </system-out>
</testsuite> <!-- testngpack.LinksTesting1 -->
