<?xml version="1.0" encoding="UTF-8"?>
<!-- Generated by org.testng.reporters.JUnitReportReporter -->
<testsuite hostname="DESKTOP-AU847K4" failures="0" tests="1" name="suiteA.TestA2" time="2.009" errors="0" timestamp="2025-06-12T08:26:11 IST" skipped="0">
  <testcase classname="suiteA.TestA2" name="testA2" time="2.009"/>
</testsuite> <!-- suiteA.TestA2 -->
