<?xml version="1.0" encoding="UTF-8"?>
<!-- Generated by org.testng.reporters.JUnitReportReporter -->
<testsuite hostname="DESKTOP-AU847K4" failures="0" tests="1" name="suiteB.TestB2" time="2.011" errors="0" timestamp="2025-06-12T08:26:11 IST" skipped="0">
  <testcase classname="suiteB.TestB2" name="testB2" time="2.011"/>
</testsuite> <!-- suiteB.TestB2 -->
