<?xml version="1.0" encoding="UTF-8"?>
<!-- Generated by org.testng.reporters.JUnitReportReporter -->
<testsuite hostname="DESKTOP-AU847K4" failures="0" tests="1" name="testngpack.TNG_002" time="32.961" errors="0" timestamp="2025-06-11T08:03:34 IST" skipped="0">
  <testcase classname="testngpack.TNG_002" name="amazon" time="32.961"/>
</testsuite> <!-- testngpack.TNG_002 -->
