<?xml version="1.0" encoding="UTF-8"?>
<!-- Generated by org.testng.reporters.JUnitReportReporter -->
<testsuite hostname="DESKTOP-AU847K4" failures="0" tests="2" name="dataDrivens.DataManagementWithDataProvider" time="0.033" errors="0" timestamp="2025-06-21T08:20:27 IST" skipped="0">
  <testcase classname="dataDrivens.DataManagementWithDataProvider" name="f" time="0.008"/>
  <testcase classname="dataDrivens.DataManagementWithDataProvider" name="f" time="0.025"/>
</testsuite> <!-- dataDrivens.DataManagementWithDataProvider -->
