<?xml version="1.0" encoding="UTF-8"?>
<!-- Generated by org.testng.reporters.JUnitReportReporter -->
<testsuite hostname="DESKTOP-AU847K4" failures="0" tests="1" name="testngpack.CheckBox1" time="22.948" errors="0" timestamp="2025-06-12T09:03:07 IST" skipped="0">
  <testcase classname="testngpack.CheckBox1" name="checkboxTest" time="22.948"/>
  <system-out>
    <![CDATA[Clicked on Image Link]]>
  </system-out>
</testsuite> <!-- testngpack.CheckBox1 -->
