<?xml version="1.0" encoding="UTF-8"?>
<!-- Generated by org.testng.reporters.JUnitReportReporter -->
<testsuite hostname="DESKTOP-AU847K4" failures="0" tests="1" name="testngpack.TNG_002" time="18.911" errors="0" timestamp="2025-06-12T09:03:07 IST" skipped="0">
  <testcase classname="testngpack.TNG_002" name="amazon" time="18.911"/>
  <system-out>
    <![CDATA[Clicked on Image Link]]>
  </system-out>
</testsuite> <!-- testngpack.TNG_002 -->
