<?xml version="1.0" encoding="UTF-8"?>
<!-- Generated by org.testng.reporters.JUnitReportReporter -->
<testsuite hostname="DESKTOP-AU847K4" failures="0" tests="2" name="testngpack.TNG_002" time="62.779" errors="0" timestamp="2025-06-09T08:49:48 IST" skipped="0">
  <testcase classname="testngpack.TNG_002" name="amazon" time="36.021"/>
  <testcase classname="testngpack.TNG_002" name="amazon" time="26.758"/>
  <system-out>
    <![CDATA[Clicked on Image Link
Clicked on Image Link]]>
  </system-out>
</testsuite> <!-- testngpack.TNG_002 -->
