<?xml version="1.0" encoding="UTF-8"?>
<!-- Generated by org.testng.reporters.JUnitReportReporter -->
<testsuite hostname="DESKTOP-AU847K4" failures="0" tests="4" name="testngparallel.Register" time="0.184" errors="0" timestamp="2025-06-11T09:04:09 IST" skipped="0">
  <testcase classname="testngparallel.Register" name="registerWithDuplicateFileds" time="0.047"/>
  <testcase classname="testngparallel.Register" name="registerWithMandatoryFileds" time="0.046"/>
  <testcase classname="testngparallel.Register" name="registerWithEmptyFileds" time="0.045"/>
  <testcase classname="testngparallel.Register" name="registerWithAllFileds" time="0.046"/>
</testsuite> <!-- testngparallel.Register -->
