<?xml version="1.0" encoding="UTF-8"?>
<!-- Generated by org.testng.reporters.JUnitReportReporter -->
<testsuite hostname="DESKTOP-AU847K4" failures="0" tests="2" name="dataDrivens.DataManagementFinalTestVersion" time="0.030" errors="0" timestamp="2025-06-23T07:57:27 IST" skipped="0">
  <testcase classname="dataDrivens.DataManagementFinalTestVersion" name="f" time="0.014"/>
  <testcase classname="dataDrivens.DataManagementFinalTestVersion" name="f" time="0.016"/>
</testsuite> <!-- dataDrivens.DataManagementFinalTestVersion -->
