<?xml version="1.0" encoding="UTF-8"?>
<!-- Generated by org.testng.reporters.JUnitReportReporter -->
<testsuite hostname="DESKTOP-AU847K4" failures="0" tests="3" name="dataDrivens.TestDataDriven" time="0.028" errors="0" timestamp="2025-06-18T08:55:56 IST" skipped="0">
  <testcase classname="dataDrivens.TestDataDriven" name="f" time="0.012"/>
  <testcase classname="dataDrivens.TestDataDriven" name="f" time="0.005"/>
  <testcase classname="dataDrivens.TestDataDriven" name="f" time="0.011"/>
</testsuite> <!-- dataDrivens.TestDataDriven -->
