<?xml version="1.0" encoding="UTF-8"?>
<!-- Generated by org.testng.reporters.JUnitReportReporter -->
<testsuite hostname="DESKTOP-AU847K4" failures="0" tests="2" name="dataDrivens.TestPro" time="0.035" errors="0" timestamp="2025-06-21T08:59:13 IST" skipped="0">
  <testcase classname="dataDrivens.TestPro" name="f" time="0.017"/>
  <testcase classname="dataDrivens.TestPro" name="f" time="0.018"/>
</testsuite> <!-- dataDrivens.TestPro -->
