<?xml version="1.0" encoding="UTF-8"?>
<!-- Generated by org.testng.reporters.JUnitReportReporter -->
<testsuite hostname="DESKTOP-AU847K4" failures="0" tests="2" name="testngparallel.Login" time="0.067" errors="0" timestamp="2025-06-12T08:06:03 IST" skipped="0">
  <testcase classname="testngparallel.Login" name="loginWithValidCredientials" time="0.027"/>
  <testcase classname="testngparallel.Login" name="loginWithInValidCredientials" time="0.040"/>
</testsuite> <!-- testngparallel.Login -->
