<?xml version="1.0" encoding="UTF-8"?>
<!-- Generated by org.testng.reporters.JUnitReportReporter -->
<testsuite hostname="DESKTOP-AU847K4" failures="0" tests="1" name="testngpack.NewTest" time="0.005" errors="0" timestamp="2025-06-07T09:00:28 IST" skipped="0">
  <testcase classname="testngpack.NewTest" name="f1" time="0.005"/>
</testsuite> <!-- testngpack.NewTest -->
