<?xml version="1.0" encoding="UTF-8"?>
<!-- Generated by org.testng.reporters.JUnitReportReporter -->
<testsuite hostname="DESKTOP-AU847K4" failures="0" tests="1" name="testngpack.DemoClass" time="0.003" errors="0" timestamp="2025-06-07T09:00:28 IST" skipped="0">
  <testcase classname="testngpack.DemoClass" name="m1" time="0.003"/>
</testsuite> <!-- testngpack.DemoClass -->
