<?xml version="1.0" encoding="UTF-8"?>
<!-- Generated by org.testng.reporters.JUnitReportReporter -->
<testsuite hostname="DESKTOP-AU847K4" failures="0" tests="2" name="testngpack.RadioButton1" time="45.384" errors="0" timestamp="2025-06-09T08:49:48 IST" skipped="0">
  <testcase classname="testngpack.RadioButton1" name="radioButtonTest" time="20.256"/>
  <testcase classname="testngpack.RadioButton1" name="radioButtonTest" time="25.128"/>
  <system-out>
    <![CDATA[Clicked on Image Link
Clicked on Image Link]]>
  </system-out>
</testsuite> <!-- testngpack.RadioButton1 -->
