<?xml version="1.0" encoding="UTF-8"?>
<!-- Generated by org.testng.reporters.JUnitReportReporter -->
<testsuite hostname="DESKTOP-AU847K4" failures="0" tests="1" name="testngpack.LoginTestClass" time="8.833" errors="0" timestamp="2025-06-24T08:41:01 IST" skipped="0">
  <testcase classname="testngpack.LoginTestClass" name="f" time="8.833"/>
</testsuite> <!-- testngpack.LoginTestClass -->
