<?xml version="1.0" encoding="UTF-8"?>
<!-- Generated by org.testng.reporters.JUnitReportReporter -->
<testsuite hostname="DESKTOP-AU847K4" failures="0" tests="1" name="testngpack.MethodDepencency" time="0.018" errors="0" timestamp="2025-06-14T08:12:10 IST" skipped="0">
  <testcase classname="testngpack.MethodDepencency" name="orange" time="0.018"/>
</testsuite> <!-- testngpack.MethodDepencency -->
