<?xml version="1.0" encoding="UTF-8"?>
<!-- Generated by org.testng.reporters.JUnitReportReporter -->
<testsuite hostname="DESKTOP-AU847K4" failures="0" tests="5" name="testngparallel.Login" time="0.213" errors="0" timestamp="2025-06-11T09:04:09 IST" skipped="0">
  <testcase classname="testngparallel.Login" name="loginWithEmptyCredientials" time="0.089"/>
  <testcase classname="testngparallel.Login" name="loginWithInValidCredientials" time="0.044"/>
  <testcase classname="testngparallel.Login" name="loginWithValidCredientials" time="0.066"/>
  <testcase classname="testngparallel.Login" name="loginWithInValidUserAndvalidPassword" time="0.009"/>
  <testcase classname="testngparallel.Login" name="loginWithValidUserAndInvalidPassword" time="0.005"/>
</testsuite> <!-- testngparallel.Login -->
