<?xml version="1.0" encoding="UTF-8"?>
<!-- Generated by org.testng.reporters.JUnitReportReporter -->
<testsuite hostname="DESKTOP-AU847K4" failures="0" tests="3" name="testngpack.TNG_001" time="0.043" errors="0" timestamp="2025-06-11T08:11:28 IST" skipped="0">
  <testcase classname="testngpack.TNG_001" name="z" time="0.024"/>
  <testcase classname="testngpack.TNG_001" name="f" time="0.006"/>
  <testcase classname="testngpack.TNG_001" name="a" time="0.013"/>
</testsuite> <!-- testngpack.TNG_001 -->
