<?xml version="1.0" encoding="UTF-8"?>
<!-- Generated by org.testng.reporters.JUnitReportReporter -->
<testsuite hostname="DESKTOP-AU847K4" failures="0" tests="3" name="testngparallel.Search" time="0.046" errors="0" timestamp="2025-06-11T09:04:09 IST" skipped="0">
  <testcase classname="testngparallel.Search" name="emptyTextSearch" time="0.007"/>
  <testcase classname="testngparallel.Search" name="validTextSearch" time="0.003"/>
  <testcase classname="testngparallel.Search" name="InvalidTextSearch" time="0.036"/>
</testsuite> <!-- testngparallel.Search -->
