<?xml version="1.0" encoding="UTF-8"?>
<!-- Generated by org.testng.reporters.JUnitReportReporter -->
<testsuite hostname="DESKTOP-AU847K4" failures="0" tests="2" name="testngpack.CheckBox1" time="49.178" errors="0" timestamp="2025-06-09T08:49:49 IST" skipped="0">
  <testcase classname="testngpack.CheckBox1" name="checkboxTest" time="26.344"/>
  <testcase classname="testngpack.CheckBox1" name="checkboxTest" time="22.834"/>
  <system-out>
    <![CDATA[Clicked on Image Link
Clicked on Image Link]]>
  </system-out>
</testsuite> <!-- testngpack.CheckBox1 -->
