<?xml version="1.0" encoding="UTF-8"?>
<!-- Generated by org.testng.reporters.JUnitReportReporter -->
<testsuite hostname="DESKTOP-AU847K4" failures="0" tests="3" name="testngpack.TNG_001" time="0.043" errors="0" timestamp="2025-06-09T07:57:54 IST" skipped="1">
  <testcase classname="testngpack.TNG_001" name="f" time="0.019"/>
  <testcase classname="testngpack.TNG_001" name="a" time="0.024"/>
  <testcase classname="testngpack.TNG_001" name="z">
    <skipped/>
  </testcase> <!-- z -->
</testsuite> <!-- testngpack.TNG_001 -->
