<?xml version="1.0" encoding="UTF-8"?>
<!-- Generated by org.testng.reporters.JUnitReportReporter -->
<testsuite hostname="DESKTOP-AU847K4" failures="0" tests="4" name="testngparallel.Register" time="0.056" errors="0" timestamp="2025-06-13T08:23:59 IST" skipped="0">
  <testcase classname="testngparallel.Register" name="registerWithMandatoryFileds" time="0.004"/>
  <testcase classname="testngparallel.Register" name="registerWithDuplicateFileds" time="0.005"/>
  <testcase classname="testngparallel.Register" name="registerWithAllFileds" time="0.040"/>
  <testcase classname="testngparallel.Register" name="registerWithEmptyFileds" time="0.007"/>
</testsuite> <!-- testngparallel.Register -->
