<?xml version="1.0" encoding="UTF-8"?>
<!-- Generated by org.testng.reporters.JUnitReportReporter -->
<testsuite hostname="DESKTOP-AU847K4" failures="0" tests="1" name="testngpack.RadioButton1" time="18.371" errors="0" timestamp="2025-06-12T09:03:07 IST" skipped="0">
  <testcase classname="testngpack.RadioButton1" name="radioButtonTest" time="18.371"/>
  <system-out>
    <![CDATA[Clicked on Image Link]]>
  </system-out>
</testsuite> <!-- testngpack.RadioButton1 -->
