<?xml version="1.0" encoding="UTF-8"?>
<!-- Generated by org.testng.reporters.JUnitReportReporter -->
<testsuite hostname="DESKTOP-AU847K4" failures="0" tests="3" name="testngparallel.Search" time="0.010" errors="0" timestamp="2025-06-13T08:23:59 IST" skipped="0">
  <testcase classname="testngparallel.Search" name="emptyTextSearch" time="0.002"/>
  <testcase classname="testngparallel.Search" name="validTextSearch" time="0.005"/>
  <testcase classname="testngparallel.Search" name="InvalidTextSearch" time="0.003"/>
</testsuite> <!-- testngparallel.Search -->
