<?xml version="1.0" encoding="UTF-8"?>
<!-- Generated by org.testng.reporters.JUnitReportReporter -->
<testsuite hostname="DESKTOP-AU847K4" failures="0" tests="5" name="testngparallel.Login" time="0.138" errors="0" timestamp="2025-06-13T08:23:59 IST" skipped="0">
  <testcase classname="testngparallel.Login" name="loginWithInValidCredientials" time="0.002"/>
  <testcase classname="testngparallel.Login" name="loginWithInValidUserAndvalidPassword" time="0.041"/>
  <testcase classname="testngparallel.Login" name="loginWithEmptyCredientials" time="0.033"/>
  <testcase classname="testngparallel.Login" name="loginWithValidCredientials" time="0.059"/>
  <testcase classname="testngparallel.Login" name="loginWithValidUserAndInvalidPassword" time="0.003"/>
</testsuite> <!-- testngparallel.Login -->
