<?xml version="1.0" encoding="UTF-8"?>
<!-- Generated by org.testng.reporters.JUnitReportReporter -->
<testsuite hostname="DESKTOP-AU847K4" failures="0" tests="1" name="suiteB.TestB1" time="2.019" errors="0" timestamp="2025-06-12T08:26:11 IST" skipped="0">
  <testcase classname="suiteB.TestB1" name="testB1" time="2.019"/>
</testsuite> <!-- suiteB.TestB1 -->
