<?xml version="1.0" encoding="UTF-8"?>
<!-- Generated by org.testng.reporters.JUnitReportReporter -->
<testsuite hostname="DESKTOP-AU847K4" failures="0" tests="1" name="testngparallel.Search" time="0.031" errors="0" timestamp="2025-06-12T08:06:03 IST" skipped="0">
  <testcase classname="testngparallel.Search" name="validTextSearch" time="0.031"/>
</testsuite> <!-- testngparallel.Search -->
