<?xml version="1.0" encoding="UTF-8"?>
<!-- Generated by org.testng.reporters.JUnitReportReporter -->
<testsuite hostname="DESKTOP-AU847K4" failures="0" tests="2" name="testngparallel.Register" time="0.061" errors="0" timestamp="2025-06-12T08:06:03 IST" skipped="0">
  <testcase classname="testngparallel.Register" name="registerWithMandatoryFileds" time="0.030"/>
  <testcase classname="testngparallel.Register" name="registerWithAllFileds" time="0.031"/>
</testsuite> <!-- testngparallel.Register -->
